<?xml version="1.0" encoding="UTF-8"?>
<testsuite name="com.techchefs.test.HttpJsonDynamicUnitTest" time="1.818000" tests="2" errors="0" skipped="0" failures="2">
    <testcase name="Get all models" classname="com.techchefs.test.HttpJsonDynamicUnitTest" time="1.713000">
        <failure>
            Status code
        </failure>
    </testcase>
    <testcase name="Delete model by id" classname="com.techchefs.test.HttpJsonDynamicUnitTest" time="0.105000">
        <failure>
            Status code
        </failure>
    </testcase>
</testsuite>
